c:\users\adrienne\onedrive\cybernated solutions\$os\$osfilesystemeditor\x64\debug\$osfilesystemeditor.pch.codeanalysis
c:\users\adrienne\onedrive\cybernated solutions\$os\$osfilesystemeditor\x64\debug\vc140.pdb
c:\users\adrienne\onedrive\cybernated solutions\$os\$osfilesystemeditor\x64\debug\vc140.idb
c:\users\adrienne\onedrive\cybernated solutions\$os\$osfilesystemeditor\x64\debug\$osfilesystemeditor.pch.codeanalysisast
c:\users\adrienne\onedrive\cybernated solutions\$os\$osfilesystemeditor\x64\debug\stdafx.nativecodeanalysis.xml
c:\users\adrienne\onedrive\cybernated solutions\$os\$osfilesystemeditor\x64\debug\stdafx.obj
c:\users\adrienne\onedrive\cybernated solutions\$os\$osfilesystemeditor\x64\debug\$osfilesystemeditor.pch
c:\users\adrienne\onedrive\cybernated solutions\$os\$osfilesystemeditor\x64\debug\$osfilesystemeditor.nativecodeanalysis.xml
c:\users\adrienne\onedrive\cybernated solutions\$os\$osfilesystemeditor\x64\debug\$osfilesystemeditor.obj
c:\users\adrienne\onedrive\cybernated solutions\cybernated server\x64\debug\$osfilesystemeditor.ilk
c:\users\adrienne\onedrive\cybernated solutions\cybernated server\x64\debug\$osfilesystemeditor.exe
c:\users\adrienne\onedrive\cybernated solutions\cybernated server\x64\debug\$osfilesystemeditor.pdb
c:\users\adrienne\onedrive\cybernated solutions\$os\$osfilesystemeditor\x64\debug\nativecodeanalysis.read.1.tlog
c:\users\adrienne\onedrive\cybernated solutions\$os\$osfilesystemeditor\x64\debug\vc.nativecodeanalysis.all.xml
c:\users\adrienne\onedrive\cybernated solutions\cybernated server\x64\debug\$osfilesystemeditor.exe.lastcodeanalysissucceeded
c:\users\adrienne\onedrive\cybernated solutions\$os\$osfilesystemeditor\x64\debug\$osfiles.abfa7b94.tlog\cl.command.1.tlog
c:\users\adrienne\onedrive\cybernated solutions\$os\$osfilesystemeditor\x64\debug\$osfiles.abfa7b94.tlog\cl.read.1.tlog
c:\users\adrienne\onedrive\cybernated solutions\$os\$osfilesystemeditor\x64\debug\$osfiles.abfa7b94.tlog\cl.write.1.tlog
c:\users\adrienne\onedrive\cybernated solutions\$os\$osfilesystemeditor\x64\debug\$osfiles.abfa7b94.tlog\link.command.1.tlog
c:\users\adrienne\onedrive\cybernated solutions\$os\$osfilesystemeditor\x64\debug\$osfiles.abfa7b94.tlog\link.read.1.tlog
c:\users\adrienne\onedrive\cybernated solutions\$os\$osfilesystemeditor\x64\debug\$osfiles.abfa7b94.tlog\link.write.1.tlog
